#-----------------------------------------------------------
# Vivado v2019.2 (64-bit)
# SW Build 2708876 on Wed Nov  6 21:40:23 MST 2019
# IP Build 2700528 on Thu Nov  7 00:09:20 MST 2019
# Start of session at: Thu Oct 24 06:44:28 2024
# Process ID: 5032
# Current directory: C:/Users/User/Desktop/1070Anujeet verma/sync up counter
# Command line: vivado.exe -gui_launcher_event rodinguilauncherevent11220 C:\Users\User\Desktop\1070Anujeet verma\sync up counter\sync up counter.xpr
# Log file: C:/Users/User/Desktop/1070Anujeet verma/sync up counter/vivado.log
# Journal file: C:/Users/User/Desktop/1070Anujeet verma/sync up counter\vivado.jou
#-----------------------------------------------------------
start_guieopen_project {C:/Users/User/Desktop/1070Anujeet verma/sync up counter/sync up counter.xpr}
INFO: [Project 1-313] Project file moved from 'C:/1127_Ritaban_COA/sync up counter' since last save.
Scanning sources...
Finished scanning sources
INFO: [Project 1-230] Project 'sync up counter.xpr' upgraded for this version of Vivado.
INFO: [IP_Flow 19-234] Refreshing IP repositories
INFO: [IP_Flow 19-1704] No user IP repositories specified
INFO: [IP_Flow 19-2313] Loaded Vivado IP repository 'C:/Xilinx/Vivado/2019.2/data/ip'.
open_project: Time (s): cpu = 00:00:09 ; elapsed = 00:00:10 . Memory (MB): peak = 854.000 ; gain = 165.254
update_compile_order -fileset sources_1
launch_simulation
Command: launch_simulation 
INFO: [Vivado 12-5682] Launching behavioral simulation in 'C:/Users/User/Desktop/1070Anujeet verma/sync up counter/sync up counter.sim/sim_1/behav/xsim'
INFO: [SIM-utils-51] Simulation object is 'sim_1'
INFO: [SIM-utils-54] Inspecting design source files for 'syncUpTB' in fileset 'sim_1'...
INFO: [USF-XSim-97] Finding global include files...
INFO: [USF-XSim-98] Fetching design files from 'sim_1'...
INFO: [USF-XSim-2] XSim::Compile design
INFO: [USF-XSim-61] Executing 'COMPILE and ANALYZE' step in 'C:/Users/User/Desktop/1070Anujeet verma/sync up counter/sync up counter.sim/sim_1/behav/xsim'
"xvlog --incr --relax -prj syncUpTB_vlog.prj"
INFO: [VRFC 10-2263] Analyzing Verilog file "C:/Users/User/Desktop/1070Anujeet verma/sync up counter/sync up counter.srcs/sources_1/new/syncUp.v" into library xil_defaultlib
INFO: [VRFC 10-311] analyzing module TFlipFlop
WARNING: [VRFC 10-3676] redeclaration of ansi port 'q' is not allowed [C:/Users/User/Desktop/1070Anujeet verma/sync up counter/sync up counter.srcs/sources_1/new/syncUp.v:27]
INFO: [VRFC 10-311] analyzing module syncUp
INFO: [VRFC 10-2263] Analyzing Verilog file "C:/Users/User/Desktop/1070Anujeet verma/sync up counter/sync up counter.srcs/sim_1/new/syncUpTB.v" into library xil_defaultlib
INFO: [VRFC 10-311] analyzing module syncUpTB
INFO: [VRFC 10-2263] Analyzing Verilog file "C:/Users/User/Desktop/1070Anujeet verma/sync up counter/sync up counter.sim/sim_1/behav/xsim/glbl.v" into library xil_defaultlib
INFO: [VRFC 10-311] analyzing module glbl
INFO: [USF-XSim-69] 'compile' step finished in '1' seconds
INFO: [USF-XSim-3] XSim::Elaborate design
INFO: [USF-XSim-61] Executing 'ELABORATE' step in 'C:/Users/User/Desktop/1070Anujeet verma/sync up counter/sync up counter.sim/sim_1/behav/xsim'
"xelab -wto d14ed4f3f7ad4c6aa4109836b4c15bd4 --incr --debug typical --relax --mt 2 -L xil_defaultlib -L unisims_ver -L unimacro_ver -L secureip --snapshot syncUpTB_behav xil_defaultlib.syncUpTB xil_defaultlib.glbl -log elaborate.log"
Vivado Simulator 2019.2
Copyright 1986-1999, 2001-2019 Xilinx, Inc. All Rights Reserved.
Running: C:/Xilinx/Vivado/2019.2/bin/unwrapped/win64.o/xelab.exe -wto d14ed4f3f7ad4c6aa4109836b4c15bd4 --incr --debug typical --relax --mt 2 -L xil_defaultlib -L unisims_ver -L unimacro_ver -L secureip --snapshot syncUpTB_behav xil_defaultlib.syncUpTB xil_defaultlib.glbl -log elaborate.log 
Using 2 slave threads.
Starting static elaboration
Pass Through NonSizing Optimizer
Completed static elaboration
Starting simulation data flow analysis
Completed simulation data flow analysis
Time Resolution for simulation is 1ps
Compiling module xil_defaultlib.TFlipFlop
Compiling module xil_defaultlib.syncUp
Compiling module xil_defaultlib.syncUpTB
Compiling module xil_defaultlib.glbl
Built simulation snapshot syncUpTB_behav
INFO: [USF-XSim-69] 'elaborate' step finished in '2' seconds
INFO: [USF-XSim-4] XSim::Simulate design
INFO: [USF-XSim-61] Executing 'SIMULATE' step in 'C:/Users/User/Desktop/1070Anujeet verma/sync up counter/sync up counter.sim/sim_1/behav/xsim'
INFO: [USF-XSim-98] *** Running xsim
   with args "syncUpTB_behav -key {Behavioral:sim_1:Functional:syncUpTB} -tclbatch {syncUpTB.tcl} -log {simulate.log}"
INFO: [USF-XSim-8] Loading simulator feature
Vivado Simulator 2019.2
Time resolution is 1 ps
source syncUpTB.tcl
# set curr_wave [current_wave_config]
# if { [string length $curr_wave] == 0 } {
#   if { [llength [get_objects]] > 0} {
#     add_wave /
#     set_property needs_save false [current_wave_config]
#   } else {
#      send_msg_id Add_Wave-1 WARNING "No top level signals found. Simulator will start without a wave window. If you want to open a wave window go to 'File->New Waveform Configuration' or type 'create_wave_config' in the TCL console."
#   }
# }
# run 1000ns
$stop called at time : 16 ns : File "C:/Users/User/Desktop/1070Anujeet verma/sync up counter/sync up counter.srcs/sim_1/new/syncUpTB.v" Line 33
INFO: [USF-XSim-96] XSim completed. Design snapshot 'syncUpTB_behav' loaded.
INFO: [USF-XSim-97] XSim simulation ran for 1000ns
launch_simulation: Time (s): cpu = 00:00:08 ; elapsed = 00:00:07 . Memory (MB): peak = 914.113 ; gain = 13.809
close_sim
INFO: [Simtcl 6-16] Simulation closed
exit
INFO: [Common 17-206] Exiting Vivado at Thu Oct 24 07:07:58 2024...
